-------------------------------------------------------------------------------
Test set: runners.SmokeRunner
-------------------------------------------------------------------------------
Tests run: 1, Failures: 1, Errors: 0, Skipped: 0, Time elapsed: 11.16 s <<< FAILURE! - in runners.SmokeRunner
Dashboard tab functionality.Dashboard tab verification  Time elapsed: 10.457 s  <<< FAILURE!
java.lang.AssertionError

