<?xml version="1.0" encoding="UTF-8"?>
<testsuite xmlns:xsi="http://www.w3.org/2001/XMLSchema-instance" xsi:noNamespaceSchemaLocation="https://maven.apache.org/surefire/maven-surefire-plugin/xsd/surefire-test-report-3.0.xsd" version="3.0" name="runners.SmokeRunner" time="11.16" tests="1" errors="0" skipped="0" failures="1">
  <properties>
[...]
</properties>
  <testcase name="Dashboard tab verification" classname="Dashboard tab functionality" time="10.457">
    <failure type="java.lang.AssertionError"><![CDATA[java.lang.AssertionError
]]></failure>
    <system-out><![CDATA[
@dashboardTabs
Scenario: Dashboard tab verification                 # src/test/resources/features/Dashboard.feature:4
  When user enters valid admin username and password # steps.LoginSteps.user_enters_valid_admin_username_and_password()
  And user clicks on log in button                   # steps.LoginSteps.user_clicks_on_log_in_button()
  Then admin user is successfully logged in          # steps.LoginSteps.admin_user_is_successfully_logged_in()
[Admin, PIM, Leave, Time, Recritment, Performance, Dashboard, Directory]
[Admin, PIM, Leave, Time, Recruitment, Performance, Dashboard, Directory]
  Then user sees the following tabs on dashboard     # steps.DashboardSteps.user_sees_the_following_tabs_on_dashboard(io.cucumber.datatable.DataTable)
      java.lang.AssertionError
	at org.junit.Assert.fail(Assert.java:87)
	at org.junit.Assert.assertTrue(Assert.java:42)
	at org.junit.Assert.assertTrue(Assert.java:53)
	at steps.DashboardSteps.user_sees_the_following_tabs_on_dashboard(DashboardSteps.java:25)
	at ✽.user sees the following tabs on dashboard(file:///Users/amyvelasquez/IdeaProjects/HRMS/src/test/resources/features/Dashboard.feature:8)


    Embedding Dashboard tab verification [image/png 177532 bytes]

]]></system-out>
    <system-err><![CDATA[SLF4J: Failed to load class "org.slf4j.impl.StaticLoggerBinder".
SLF4J: Defaulting to no-operation (NOP) logger implementation
SLF4J: See http://www.slf4j.org/codes.html#StaticLoggerBinder for further details.
Starting ChromeDriver 91.0.4472.19 (1bf021f248676a0b2ab3ee0561d83a59e424c23e-refs/branch-heads/4472@{#288}) on port 19301
Only local connections are allowed.
Please see https://chromedriver.chromium.org/security-considerations for suggestions on keeping ChromeDriver safe.
ChromeDriver was started successfully.
Jun 08, 2021 9:53:27 PM org.openqa.selenium.remote.ProtocolHandshake createSession
INFO: Detected dialect: W3C
]]></system-err>
  </testcase>
</testsuite>